<?xml version="1.0" encoding="UTF-8"?>
<!-- Generated by org.testng.reporters.JUnitReportReporter -->
<testsuite hostname="MAN0CX12B53041D" failures="0" tests="1" name="takeAlotTests.TestsTakeAlot" time="0.213" errors="0" timestamp="2022-05-11T16:06:31 SAST" skipped="0">
  <testcase classname="takeAlotTests.TestsTakeAlot" name="checkPDF" time="0.213"/>
  <system-out/>
</testsuite> <!-- takeAlotTests.TestsTakeAlot -->
