<?xml version="1.0" encoding="UTF-8"?>
<!-- Generated by org.testng.reporters.JUnitReportReporter -->
<testsuite hostname="MAN0CX12B53041D" failures="0" tests="1" name="takeAlotTests.TestsTakeAlot" time="10.028" errors="0" timestamp="2022-06-20T21:21:06 SAST" skipped="0">
  <testcase classname="takeAlotTests.TestsTakeAlot" name="GIVEN_shopperIsOnLandingPage_WHEN_shopperEntersDKNYasSearchString_AND_shopperClicksTheSearchButton_THEN_DKNYBeDeliciousReturned" time="10.028"/>
  <system-out>
    <![CDATA[The expected value is: DKNY
The actaul value is: DKNY]]>
  </system-out>
</testsuite> <!-- takeAlotTests.TestsTakeAlot -->
