<?xml version="1.0" encoding="UTF-8"?>
<!-- Generated by org.testng.reporters.JUnitReportReporter -->
<testsuite hostname="MAN0CX12B53041D" failures="0" tests="2" name="takeAlotTests.ReadFromExcelPLay" time="0.365" errors="0" timestamp="2022-06-17T10:07:33 SAST" skipped="0">
  <testcase classname="takeAlotTests.ReadFromExcelPLay" name="BrandAndQuantityString" time="0.051"/>
  <system-out/>
  <testcase classname="takeAlotTests.ReadFromExcelPLay" name="BrandAndQuantityString" time="0.314"/>
  <system-out/>
</testsuite> <!-- takeAlotTests.ReadFromExcelPLay -->
