<?xml version="1.0" encoding="UTF-8"?>
<!-- Generated by org.testng.reporters.JUnitReportReporter -->
<testsuite hostname="MAN0CX12B53041D" failures="0" tests="1" name="pageObjectDatePicker.DatePickersTests" time="3.153" errors="0" timestamp="2022-05-03T18:42:30 SAST" skipped="0">
  <testcase classname="pageObjectDatePicker.DatePickersTests" name="datePickerTest1" time="3.153"/>
  <system-out/>
</testsuite> <!-- pageObjectDatePicker.DatePickersTests -->
