<?xml version="1.0" encoding="UTF-8"?>
<!-- Generated by org.testng.reporters.JUnitReportReporter -->
<testsuite hostname="MAN0CX12B53041D" failures="0" tests="1" name="AppiumTests.ClockSwipes" time="16.850" errors="0" timestamp="2022-06-14T17:12:42 SAST" skipped="0">
  <testcase classname="AppiumTests.ClockSwipes" name="SwipeClock" time="16.850"/>
  <system-out/>
</testsuite> <!-- AppiumTests.ClockSwipes -->
