<?xml version="1.0" encoding="UTF-8"?>
<!-- Generated by org.testng.reporters.JUnitReportReporter -->
<testsuite hostname="MAN0CX12B53041D" failures="0" tests="2" name="takeAlotTests.ReadFromExcelPLay" time="0.006" errors="0" timestamp="2022-05-12T16:04:26 SAST" skipped="0">
  <testcase classname="takeAlotTests.ReadFromExcelPLay" name="BrandQuantityString" time="0.001"/>
  <system-out/>
  <testcase classname="takeAlotTests.ReadFromExcelPLay" name="BrandQuantityString" time="0.005"/>
  <system-out/>
</testsuite> <!-- takeAlotTests.ReadFromExcelPLay -->
