<?xml version="1.0" encoding="UTF-8"?>
<!-- Generated by org.testng.reporters.JUnitReportReporter -->
<testsuite hostname="MAN0CX12B53041D" failures="0" tests="1" name="AppiumTests.LongPressGestures" time="14.731" errors="0" timestamp="2022-06-21T18:25:28 SAST" skipped="0">
  <testcase classname="AppiumTests.LongPressGestures" name="LongClickOnMenu" time="14.731"/>
  <system-out/>
</testsuite> <!-- AppiumTests.LongPressGestures -->
