<?xml version="1.0" encoding="UTF-8"?>
<!-- Generated by org.testng.reporters.JUnitReportReporter -->
<testsuite hostname="MAN0CX12B53041D" failures="0" tests="1" name="takeAlotTests.restFinal" time="1.844" errors="0" timestamp="2022-05-10T17:28:43 SAST" skipped="0">
  <testcase classname="takeAlotTests.restFinal" name="testExtractList" time="1.844"/>
  <system-out/>
</testsuite> <!-- takeAlotTests.restFinal -->
