<?xml version="1.0" encoding="UTF-8"?>
<!-- Generated by org.testng.reporters.JUnitReportReporter -->
<testsuite hostname="MAN0CX12B53041D" failures="0" tests="1" name="AppiumTests.FirstAppiumTest" time="12.611" errors="0" timestamp="2022-06-14T16:18:36 SAST" skipped="0">
  <testcase classname="AppiumTests.FirstAppiumTest" name="firstTest" time="12.611"/>
  <system-out/>
</testsuite> <!-- AppiumTests.FirstAppiumTest -->
